Arguments: 
  /usr/local/bin/node /opt/yarn-v1.22.5/bin/yarn.js install

PATH: 
  /usr/local/sbin:/usr/local/bin:/usr/sbin:/usr/bin:/sbin:/bin

Yarn version: 
  1.22.5

Node version: 
  15.7.0

Platform: 
  linux x64

Trace: 
  Error: EEXIST: file already exists, mkdir '/app/node_modules/@babel/code-frame'

npm manifest: 
  {
    "name": "front",
    "version": "1.0.0",
    "private": true,
    "scripts": {
      "dev": "nuxt-ts",
      "build": "nuxt-ts build",
      "start": "nuxt-ts start",
      "generate": "nuxt-ts generate",
      "lint:js": "eslint --ext \".js,.vue\" --ignore-path .gitignore .",
      "lint": "yarn lint:js"
    },
    "dependencies": {
      "@nuxt/typescript-runtime": "^2.0.1",
      "@nuxtjs/axios": "^5.12.5",
      "core-js": "^3.8.3",
      "nuxt": "^2.14.12"
    },
    "devDependencies": {
      "@nuxt/types": "^2.14.12",
      "@nuxt/typescript-build": "^2.0.4",
      "@nuxtjs/eslint-config-typescript": "^5.0.0",
      "@nuxtjs/eslint-module": "^3.0.2",
      "@nuxtjs/vuetify": "^1.11.3",
      "babel-eslint": "^10.1.0",
      "eslint": "^7.18.0",
      "eslint-config-prettier": "^7.2.0",
      "eslint-plugin-nuxt": "^2.0.0",
      "eslint-plugin-prettier": "^3.3.1",
      "eslint-plugin-vue": "^7.5.0",
      "prettier": "^2.2.1"
    }
  }

yarn manifest: 
  No manifest

Lockfile: 
  No lockfile
